<?xml version="1.0" encoding="UTF-8"?>
<!-- Generated by org.testng.reporters.JUnitReportReporter -->
<testsuite skipped="0" hostname="EQ-EQ7501317" name="org.example.AppTest" tests="1" failures="0" timestamp="2021-08-21T01:19:42 CEST" time="13.116" errors="0">
  <testcase name="shouldAnswerWithTrue" time="13.116" classname="org.example.AppTest"/>
  <system-out/>
</testsuite> <!-- org.example.AppTest -->
